
8月 02, 2019 17:58:51.16 NEW SESSION
8月 02, 2019 17:58:51.16 [9256:11208:0802/175851.168:ERROR:browser_process_sub_thread.cc(209)] Waited 430 ms for network service

8月 16, 2019 16:06:23.07 NEW SESSION
8月 16, 2019 16:06:23.07 [11148:11252:0816/160623.043:ERROR:platform_sensor_reader_win.cc(243)] NOT IMPLEMENTED
8月 16, 2019 16:06:38.45 [11148:11252:0816/160638.449:ERROR:platform_sensor_reader_win.cc(243)] NOT IMPLEMENTED
8月 16, 2019 16:06:39.02 [11148:11252:0816/160639.026:ERROR:platform_sensor_reader_win.cc(243)] NOT IMPLEMENTED
8月 16, 2019 16:06:59.70 [11148:11940:0816/160659.700:ERROR:CONSOLE(5618)] "SyntaxError: Unexpected token < in JSON at position 0", source: chrome-devtools://devtools/bundled/shell.js (5618)
8月 16, 2019 16:07:07.54 [11148:8364:0816/160707.540:ERROR:shader_disk_cache.cc(257)] Failed to create shader cache entry: -2
8月 16, 2019 16:07:10.35 [11148:11940:0816/160710.357:ERROR:CONSOLE(5618)] "SyntaxError: Unexpected token < in JSON at position 0", source: chrome-devtools://devtools/bundled/shell.js (5618)
8月 16, 2019 16:07:30.26 [11148:11940:0816/160730.268:ERROR:CONSOLE(24)] "Empty response arrived for script 'chrome-devtools://devtools/remote/serve_file/@f9b0bec6063ea50ce2b71f5b9abbae7beee319a6/product_registry_impl/product_registry_impl_module.js'", source: chrome-devtools://devtools/bundled/shell.js (24)
8月 16, 2019 16:07:30.27 [11148:11940:0816/160730.269:ERROR:CONSOLE(108)] "Uncaught (in promise) Error: Could not instantiate: ProductRegistryImpl.Registry", source: chrome-devtools://devtools/bundled/shell.js (108)
8月 16, 2019 16:07:30.27 [11148:11940:0816/160730.269:ERROR:CONSOLE(108)] "Uncaught (in promise) Error: Could not instantiate: ProductRegistryImpl.Registry", source: chrome-devtools://devtools/bundled/shell.js (108)
8月 16, 2019 16:07:30.27 [11148:11940:0816/160730.270:ERROR:CONSOLE(108)] "Uncaught (in promise) Error: Could not instantiate: ProductRegistryImpl.Registry", source: chrome-devtools://devtools/bundled/shell.js (108)
8月 16, 2019 16:07:30.27 [11148:11940:0816/160730.271:ERROR:CONSOLE(108)] "Uncaught (in promise) Error: Could not instantiate: ProductRegistryImpl.Registry", source: chrome-devtools://devtools/bundled/shell.js (108)
8月 16, 2019 16:07:30.27 [11148:11940:0816/160730.271:ERROR:CONSOLE(108)] "Uncaught (in promise) Error: Could not instantiate: ProductRegistryImpl.Registry", source: chrome-devtools://devtools/bundled/shell.js (108)
8月 16, 2019 16:07:30.27 [11148:11940:0816/160730.271:ERROR:CONSOLE(108)] "Uncaught (in promise) Error: Could not instantiate: ProductRegistryImpl.Registry", source: chrome-devtools://devtools/bundled/shell.js (108)
8月 16, 2019 16:07:30.27 [11148:11940:0816/160730.275:ERROR:CONSOLE(108)] "Uncaught (in promise) Error: Could not instantiate: ProductRegistryImpl.Registry", source: chrome-devtools://devtools/bundled/shell.js (108)
8月 16, 2019 16:07:30.27 [11148:11940:0816/160730.275:ERROR:CONSOLE(108)] "Uncaught (in promise) Error: Could not instantiate: ProductRegistryImpl.Registry", source: chrome-devtools://devtools/bundled/shell.js (108)
8月 16, 2019 16:07:30.28 [11148:11940:0816/160730.275:ERROR:CONSOLE(108)] "Uncaught (in promise) Error: Could not instantiate: ProductRegistryImpl.Registry", source: chrome-devtools://devtools/bundled/shell.js (108)
8月 16, 2019 16:07:30.28 [11148:11940:0816/160730.277:ERROR:CONSOLE(108)] "Uncaught (in promise) Error: Could not instantiate: ProductRegistryImpl.Registry", source: chrome-devtools://devtools/bundled/shell.js (108)
8月 16, 2019 16:07:30.28 [11148:11940:0816/160730.278:ERROR:CONSOLE(108)] "Uncaught (in promise) Error: Could not instantiate: ProductRegistryImpl.Registry", source: chrome-devtools://devtools/bundled/shell.js (108)
8月 16, 2019 16:07:30.28 [11148:11940:0816/160730.278:ERROR:CONSOLE(108)] "Uncaught (in promise) Error: Could not instantiate: ProductRegistryImpl.Registry", source: chrome-devtools://devtools/bundled/shell.js (108)
8月 16, 2019 16:07:30.28 [11148:11940:0816/160730.279:ERROR:CONSOLE(108)] "Uncaught (in promise) Error: Could not instantiate: ProductRegistryImpl.Registry", source: chrome-devtools://devtools/bundled/shell.js (108)
8月 16, 2019 16:07:30.28 [11148:11940:0816/160730.279:ERROR:CONSOLE(108)] "Uncaught (in promise) Error: Could not instantiate: ProductRegistryImpl.Registry", source: chrome-devtools://devtools/bundled/shell.js (108)
8月 16, 2019 16:07:30.28 [11148:11940:0816/160730.279:ERROR:CONSOLE(108)] "Uncaught (in promise) Error: Could not instantiate: ProductRegistryImpl.Registry", source: chrome-devtools://devtools/bundled/shell.js (108)
8月 16, 2019 16:07:30.28 [11148:11940:0816/160730.279:ERROR:CONSOLE(108)] "Uncaught (in promise) Error: Could not instantiate: ProductRegistryImpl.Registry", source: chrome-devtools://devtools/bundled/shell.js (108)
8月 16, 2019 16:07:30.28 [11148:11940:0816/160730.280:ERROR:CONSOLE(108)] "Uncaught (in promise) Error: Could not instantiate: ProductRegistryImpl.Registry", source: chrome-devtools://devtools/bundled/shell.js (108)
8月 16, 2019 16:07:30.29 [11148:11940:0816/160730.280:ERROR:CONSOLE(108)] "Uncaught (in promise) Error: Could not instantiate: ProductRegistryImpl.Registry", source: chrome-devtools://devtools/bundled/shell.js (108)
8月 16, 2019 16:07:30.29 [11148:11940:0816/160730.280:ERROR:CONSOLE(108)] "Uncaught (in promise) Error: Could not instantiate: ProductRegistryImpl.Registry", source: chrome-devtools://devtools/bundled/shell.js (108)
8月 16, 2019 16:07:30.29 [11148:11940:0816/160730.281:ERROR:CONSOLE(108)] "Uncaught (in promise) Error: Could not instantiate: ProductRegistryImpl.Registry", source: chrome-devtools://devtools/bundled/shell.js (108)
8月 16, 2019 16:07:30.29 [11148:11940:0816/160730.281:ERROR:CONSOLE(108)] "Uncaught (in promise) Error: Could not instantiate: ProductRegistryImpl.Registry", source: chrome-devtools://devtools/bundled/shell.js (108)
8月 16, 2019 16:07:30.29 [11148:11940:0816/160730.281:ERROR:CONSOLE(108)] "Uncaught (in promise) Error: Could not instantiate: ProductRegistryImpl.Registry", source: chrome-devtools://devtools/bundled/shell.js (108)
8月 16, 2019 16:07:30.29 [11148:11940:0816/160730.282:ERROR:CONSOLE(108)] "Uncaught (in promise) Error: Could not instantiate: ProductRegistryImpl.Registry", source: chrome-devtools://devtools/bundled/shell.js (108)
8月 16, 2019 16:07:30.29 [11148:11940:0816/160730.282:ERROR:CONSOLE(108)] "Uncaught (in promise) Error: Could not instantiate: ProductRegistryImpl.Registry", source: chrome-devtools://devtools/bundled/shell.js (108)
8月 16, 2019 16:07:30.29 [11148:11940:0816/160730.282:ERROR:CONSOLE(108)] "Uncaught (in promise) Error: Could not instantiate: ProductRegistryImpl.Registry", source: chrome-devtools://devtools/bundled/shell.js (108)
8月 16, 2019 16:07:30.29 [11148:11940:0816/160730.283:ERROR:CONSOLE(108)] "Uncaught (in promise) Error: Could not instantiate: ProductRegistryImpl.Registry", source: chrome-devtools://devtools/bundled/shell.js (108)
8月 16, 2019 16:07:30.30 [11148:11940:0816/160730.283:ERROR:CONSOLE(108)] "Uncaught (in promise) Error: Could not instantiate: ProductRegistryImpl.Registry", source: chrome-devtools://devtools/bundled/shell.js (108)
8月 16, 2019 16:07:30.30 [11148:11940:0816/160730.283:ERROR:CONSOLE(108)] "Uncaught (in promise) Error: Could not instantiate: ProductRegistryImpl.Registry", source: chrome-devtools://devtools/bundled/shell.js (108)
8月 16, 2019 16:07:30.30 [11148:11940:0816/160730.284:ERROR:CONSOLE(108)] "Uncaught (in promise) Error: Could not instantiate: ProductRegistryImpl.Registry", source: chrome-devtools://devtools/bundled/shell.js (108)
8月 16, 2019 16:07:30.31 [11148:11940:0816/160730.284:ERROR:CONSOLE(108)] "Uncaught (in promise) Error: Could not instantiate: ProductRegistryImpl.Registry", source: chrome-devtools://devtools/bundled/shell.js (108)
8月 16, 2019 16:07:30.31 [11148:11940:0816/160730.284:ERROR:CONSOLE(108)] "Uncaught (in promise) Error: Could not instantiate: ProductRegistryImpl.Registry", source: chrome-devtools://devtools/bundled/shell.js (108)
8月 16, 2019 16:07:30.31 [11148:11940:0816/160730.285:ERROR:CONSOLE(108)] "Uncaught (in promise) Error: Could not instantiate: ProductRegistryImpl.Registry", source: chrome-devtools://devtools/bundled/shell.js (108)
8月 16, 2019 16:07:30.31 [11148:11940:0816/160730.285:ERROR:CONSOLE(108)] "Uncaught (in promise) Error: Could not instantiate: ProductRegistryImpl.Registry", source: chrome-devtools://devtools/bundled/shell.js (108)
8月 16, 2019 16:07:30.31 [11148:11940:0816/160730.285:ERROR:CONSOLE(108)] "Uncaught (in promise) Error: Could not instantiate: ProductRegistryImpl.Registry", source: chrome-devtools://devtools/bundled/shell.js (108)
8月 16, 2019 16:07:30.31 [11148:11940:0816/160730.286:ERROR:CONSOLE(108)] "Uncaught (in promise) Error: Could not instantiate: ProductRegistryImpl.Registry", source: chrome-devtools://devtools/bundled/shell.js (108)
8月 16, 2019 16:07:30.31 [11148:11940:0816/160730.286:ERROR:CONSOLE(108)] "Uncaught (in promise) Error: Could not instantiate: ProductRegistryImpl.Registry", source: chrome-devtools://devtools/bundled/shell.js (108)
8月 16, 2019 16:07:30.32 [11148:11940:0816/160730.286:ERROR:CONSOLE(108)] "Uncaught (in promise) Error: Could not instantiate: ProductRegistryImpl.Registry", source: chrome-devtools://devtools/bundled/shell.js (108)
8月 16, 2019 16:07:30.32 [11148:11940:0816/160730.287:ERROR:CONSOLE(108)] "Uncaught (in promise) Error: Could not instantiate: ProductRegistryImpl.Registry", source: chrome-devtools://devtools/bundled/shell.js (108)
8月 16, 2019 16:07:30.46 [11148:11940:0816/160730.459:ERROR:CONSOLE(24)] "Empty response arrived for script 'chrome-devtools://devtools/remote/serve_file/@f9b0bec6063ea50ce2b71f5b9abbae7beee319a6/product_registry_impl/product_registry_impl_module.js'", source: chrome-devtools://devtools/bundled/shell.js (24)
8月 16, 2019 16:07:30.46 [11148:11940:0816/160730.461:ERROR:CONSOLE(108)] "Uncaught (in promise) Error: Could not instantiate: ProductRegistryImpl.Registry", source: chrome-devtools://devtools/bundled/shell.js (108)
8月 16, 2019 16:07:30.46 [11148:11940:0816/160730.461:ERROR:CONSOLE(108)] "Uncaught (in promise) Error: Could not instantiate: ProductRegistryImpl.Registry", source: chrome-devtools://devtools/bundled/shell.js (108)
8月 16, 2019 16:07:30.46 [11148:11940:0816/160730.462:ERROR:CONSOLE(108)] "Uncaught (in promise) Error: Could not instantiate: ProductRegistryImpl.Registry", source: chrome-devtools://devtools/bundled/shell.js (108)
8月 16, 2019 16:07:30.47 [11148:11940:0816/160730.462:ERROR:CONSOLE(108)] "Uncaught (in promise) Error: Could not instantiate: ProductRegistryImpl.Registry", source: chrome-devtools://devtools/bundled/shell.js (108)
8月 16, 2019 16:07:30.47 [11148:11940:0816/160730.463:ERROR:CONSOLE(108)] "Uncaught (in promise) Error: Could not instantiate: ProductRegistryImpl.Registry", source: chrome-devtools://devtools/bundled/shell.js (108)
8月 16, 2019 16:07:30.47 [11148:11940:0816/160730.463:ERROR:CONSOLE(108)] "Uncaught (in promise) Error: Could not instantiate: ProductRegistryImpl.Registry", source: chrome-devtools://devtools/bundled/shell.js (108)
8月 16, 2019 16:07:30.47 [11148:11940:0816/160730.464:ERROR:CONSOLE(108)] "Uncaught (in promise) Error: Could not instantiate: ProductRegistryImpl.Registry", source: chrome-devtools://devtools/bundled/shell.js (108)
8月 16, 2019 16:07:30.47 [11148:11940:0816/160730.464:ERROR:CONSOLE(108)] "Uncaught (in promise) Error: Could not instantiate: ProductRegistryImpl.Registry", source: chrome-devtools://devtools/bundled/shell.js (108)
8月 16, 2019 16:07:30.48 [11148:11940:0816/160730.465:ERROR:CONSOLE(108)] "Uncaught (in promise) Error: Could not instantiate: ProductRegistryImpl.Registry", source: chrome-devtools://devtools/bundled/shell.js (108)
8月 16, 2019 16:07:30.48 [11148:11940:0816/160730.465:ERROR:CONSOLE(108)] "Uncaught (in promise) Error: Could not instantiate: ProductRegistryImpl.Registry", source: chrome-devtools://devtools/bundled/shell.js (108)
8月 16, 2019 16:07:30.48 [11148:11940:0816/160730.465:ERROR:CONSOLE(108)] "Uncaught (in promise) Error: Could not instantiate: ProductRegistryImpl.Registry", source: chrome-devtools://devtools/bundled/shell.js (108)
8月 16, 2019 16:07:30.48 [11148:11940:0816/160730.466:ERROR:CONSOLE(108)] "Uncaught (in promise) Error: Could not instantiate: ProductRegistryImpl.Registry", source: chrome-devtools://devtools/bundled/shell.js (108)
8月 16, 2019 16:07:30.49 [11148:11940:0816/160730.466:ERROR:CONSOLE(108)] "Uncaught (in promise) Error: Could not instantiate: ProductRegistryImpl.Registry", source: chrome-devtools://devtools/bundled/shell.js (108)
8月 16, 2019 16:07:30.49 [11148:11940:0816/160730.467:ERROR:CONSOLE(108)] "Uncaught (in promise) Error: Could not instantiate: ProductRegistryImpl.Registry", source: chrome-devtools://devtools/bundled/shell.js (108)
8月 16, 2019 16:07:30.49 [11148:11940:0816/160730.479:ERROR:CONSOLE(108)] "Uncaught (in promise) Error: Could not instantiate: ProductRegistryImpl.Registry", source: chrome-devtools://devtools/bundled/shell.js (108)
8月 16, 2019 16:07:30.49 [11148:11940:0816/160730.480:ERROR:CONSOLE(108)] "Uncaught (in promise) Error: Could not instantiate: ProductRegistryImpl.Registry", source: chrome-devtools://devtools/bundled/shell.js (108)
8月 16, 2019 16:07:30.49 [11148:11940:0816/160730.480:ERROR:CONSOLE(108)] "Uncaught (in promise) Error: Could not instantiate: ProductRegistryImpl.Registry", source: chrome-devtools://devtools/bundled/shell.js (108)
8月 16, 2019 16:07:30.49 [11148:11940:0816/160730.481:ERROR:CONSOLE(108)] "Uncaught (in promise) Error: Could not instantiate: ProductRegistryImpl.Registry", source: chrome-devtools://devtools/bundled/shell.js (108)
8月 16, 2019 16:07:30.49 [11148:11940:0816/160730.481:ERROR:CONSOLE(108)] "Uncaught (in promise) Error: Could not instantiate: ProductRegistryImpl.Registry", source: chrome-devtools://devtools/bundled/shell.js (108)
8月 16, 2019 16:07:30.50 [11148:11940:0816/160730.482:ERROR:CONSOLE(108)] "Uncaught (in promise) Error: Could not instantiate: ProductRegistryImpl.Registry", source: chrome-devtools://devtools/bundled/shell.js (108)
8月 16, 2019 16:07:30.50 [11148:11940:0816/160730.482:ERROR:CONSOLE(108)] "Uncaught (in promise) Error: Could not instantiate: ProductRegistryImpl.Registry", source: chrome-devtools://devtools/bundled/shell.js (108)
8月 16, 2019 16:07:30.50 [11148:11940:0816/160730.483:ERROR:CONSOLE(108)] "Uncaught (in promise) Error: Could not instantiate: ProductRegistryImpl.Registry", source: chrome-devtools://devtools/bundled/shell.js (108)
8月 16, 2019 16:09:49.13 [11148:11940:0816/160949.134:ERROR:CONSOLE(24)] "Empty response arrived for script 'chrome-devtools://devtools/remote/serve_file/@f9b0bec6063ea50ce2b71f5b9abbae7beee319a6/product_registry_impl/product_registry_impl_module.js'", source: chrome-devtools://devtools/bundled/shell.js (24)
8月 16, 2019 16:09:49.14 [11148:11940:0816/160949.139:ERROR:CONSOLE(108)] "Uncaught (in promise) Error: Could not instantiate: ProductRegistryImpl.Registry", source: chrome-devtools://devtools/bundled/shell.js (108)
8月 16, 2019 16:09:49.14 [11148:11940:0816/160949.139:ERROR:CONSOLE(108)] "Uncaught (in promise) Error: Could not instantiate: ProductRegistryImpl.Registry", source: chrome-devtools://devtools/bundled/shell.js (108)
8月 16, 2019 16:09:49.14 [11148:11940:0816/160949.139:ERROR:CONSOLE(108)] "Uncaught (in promise) Error: Could not instantiate: ProductRegistryImpl.Registry", source: chrome-devtools://devtools/bundled/shell.js (108)
8月 16, 2019 16:09:49.14 [11148:11940:0816/160949.139:ERROR:CONSOLE(108)] "Uncaught (in promise) Error: Could not instantiate: ProductRegistryImpl.Registry", source: chrome-devtools://devtools/bundled/shell.js (108)
8月 16, 2019 16:09:49.15 [11148:11940:0816/160949.140:ERROR:CONSOLE(108)] "Uncaught (in promise) Error: Could not instantiate: ProductRegistryImpl.Registry", source: chrome-devtools://devtools/bundled/shell.js (108)
8月 16, 2019 16:09:49.15 [11148:11940:0816/160949.141:ERROR:CONSOLE(108)] "Uncaught (in promise) Error: Could not instantiate: ProductRegistryImpl.Registry", source: chrome-devtools://devtools/bundled/shell.js (108)
8月 16, 2019 16:09:49.15 [11148:11940:0816/160949.141:ERROR:CONSOLE(108)] "Uncaught (in promise) Error: Could not instantiate: ProductRegistryImpl.Registry", source: chrome-devtools://devtools/bundled/shell.js (108)
8月 16, 2019 16:09:49.15 [11148:11940:0816/160949.141:ERROR:CONSOLE(108)] "Uncaught (in promise) Error: Could not instantiate: ProductRegistryImpl.Registry", source: chrome-devtools://devtools/bundled/shell.js (108)
8月 16, 2019 16:09:49.15 [11148:11940:0816/160949.142:ERROR:CONSOLE(108)] "Uncaught (in promise) Error: Could not instantiate: ProductRegistryImpl.Registry", source: chrome-devtools://devtools/bundled/shell.js (108)
8月 16, 2019 16:09:49.15 [11148:11940:0816/160949.142:ERROR:CONSOLE(108)] "Uncaught (in promise) Error: Could not instantiate: ProductRegistryImpl.Registry", source: chrome-devtools://devtools/bundled/shell.js (108)
8月 16, 2019 16:09:49.15 [11148:11940:0816/160949.143:ERROR:CONSOLE(108)] "Uncaught (in promise) Error: Could not instantiate: ProductRegistryImpl.Registry", source: chrome-devtools://devtools/bundled/shell.js (108)
8月 16, 2019 16:09:49.16 [11148:11940:0816/160949.143:ERROR:CONSOLE(108)] "Uncaught (in promise) Error: Could not instantiate: ProductRegistryImpl.Registry", source: chrome-devtools://devtools/bundled/shell.js (108)
8月 16, 2019 16:09:49.16 [11148:11940:0816/160949.144:ERROR:CONSOLE(108)] "Uncaught (in promise) Error: Could not instantiate: ProductRegistryImpl.Registry", source: chrome-devtools://devtools/bundled/shell.js (108)
8月 16, 2019 16:09:49.16 [11148:11940:0816/160949.144:ERROR:CONSOLE(108)] "Uncaught (in promise) Error: Could not instantiate: ProductRegistryImpl.Registry", source: chrome-devtools://devtools/bundled/shell.js (108)
8月 16, 2019 16:09:49.16 [11148:11940:0816/160949.144:ERROR:CONSOLE(108)] "Uncaught (in promise) Error: Could not instantiate: ProductRegistryImpl.Registry", source: chrome-devtools://devtools/bundled/shell.js (108)
8月 16, 2019 16:09:49.16 [11148:11940:0816/160949.145:ERROR:CONSOLE(108)] "Uncaught (in promise) Error: Could not instantiate: ProductRegistryImpl.Registry", source: chrome-devtools://devtools/bundled/shell.js (108)
8月 16, 2019 16:09:49.16 [11148:11940:0816/160949.145:ERROR:CONSOLE(108)] "Uncaught (in promise) Error: Could not instantiate: ProductRegistryImpl.Registry", source: chrome-devtools://devtools/bundled/shell.js (108)
8月 16, 2019 16:09:49.16 [11148:11940:0816/160949.146:ERROR:CONSOLE(108)] "Uncaught (in promise) Error: Could not instantiate: ProductRegistryImpl.Registry", source: chrome-devtools://devtools/bundled/shell.js (108)
8月 16, 2019 16:09:49.16 [11148:11940:0816/160949.146:ERROR:CONSOLE(108)] "Uncaught (in promise) Error: Could not instantiate: ProductRegistryImpl.Registry", source: chrome-devtools://devtools/bundled/shell.js (108)
8月 16, 2019 16:09:49.16 [11148:11940:0816/160949.147:ERROR:CONSOLE(108)] "Uncaught (in promise) Error: Could not instantiate: ProductRegistryImpl.Registry", source: chrome-devtools://devtools/bundled/shell.js (108)
8月 16, 2019 16:09:49.16 [11148:11940:0816/160949.147:ERROR:CONSOLE(108)] "Uncaught (in promise) Error: Could not instantiate: ProductRegistryImpl.Registry", source: chrome-devtools://devtools/bundled/shell.js (108)
8月 16, 2019 16:09:49.17 [11148:11940:0816/160949.148:ERROR:CONSOLE(108)] "Uncaught (in promise) Error: Could not instantiate: ProductRegistryImpl.Registry", source: chrome-devtools://devtools/bundled/shell.js (108)
8月 16, 2019 16:09:49.17 [11148:11940:0816/160949.148:ERROR:CONSOLE(108)] "Uncaught (in promise) Error: Could not instantiate: ProductRegistryImpl.Registry", source: chrome-devtools://devtools/bundled/shell.js (108)
8月 16, 2019 16:09:49.17 [11148:11940:0816/160949.149:ERROR:CONSOLE(108)] "Uncaught (in promise) Error: Could not instantiate: ProductRegistryImpl.Registry", source: chrome-devtools://devtools/bundled/shell.js (108)
8月 16, 2019 16:09:49.17 [11148:11940:0816/160949.149:ERROR:CONSOLE(108)] "Uncaught (in promise) Error: Could not instantiate: ProductRegistryImpl.Registry", source: chrome-devtools://devtools/bundled/shell.js (108)
8月 16, 2019 16:09:49.17 [11148:11940:0816/160949.150:ERROR:CONSOLE(108)] "Uncaught (in promise) Error: Could not instantiate: ProductRegistryImpl.Registry", source: chrome-devtools://devtools/bundled/shell.js (108)
8月 16, 2019 16:09:49.17 [11148:11940:0816/160949.150:ERROR:CONSOLE(108)] "Uncaught (in promise) Error: Could not instantiate: ProductRegistryImpl.Registry", source: chrome-devtools://devtools/bundled/shell.js (108)
8月 16, 2019 16:09:49.18 [11148:11940:0816/160949.150:ERROR:CONSOLE(108)] "Uncaught (in promise) Error: Could not instantiate: ProductRegistryImpl.Registry", source: chrome-devtools://devtools/bundled/shell.js (108)
8月 16, 2019 16:09:49.18 [11148:11940:0816/160949.151:ERROR:CONSOLE(108)] "Uncaught (in promise) Error: Could not instantiate: ProductRegistryImpl.Registry", source: chrome-devtools://devtools/bundled/shell.js (108)
8月 16, 2019 16:09:49.18 [11148:11940:0816/160949.151:ERROR:CONSOLE(108)] "Uncaught (in promise) Error: Could not instantiate: ProductRegistryImpl.Registry", source: chrome-devtools://devtools/bundled/shell.js (108)
8月 16, 2019 16:09:49.18 [11148:11940:0816/160949.151:ERROR:CONSOLE(108)] "Uncaught (in promise) Error: Could not instantiate: ProductRegistryImpl.Registry", source: chrome-devtools://devtools/bundled/shell.js (108)
8月 16, 2019 16:09:49.18 [11148:11940:0816/160949.152:ERROR:CONSOLE(108)] "Uncaught (in promise) Error: Could not instantiate: ProductRegistryImpl.Registry", source: chrome-devtools://devtools/bundled/shell.js (108)
8月 16, 2019 16:09:49.18 [11148:11940:0816/160949.152:ERROR:CONSOLE(108)] "Uncaught (in promise) Error: Could not instantiate: ProductRegistryImpl.Registry", source: chrome-devtools://devtools/bundled/shell.js (108)
8月 16, 2019 16:09:49.18 [11148:11940:0816/160949.153:ERROR:CONSOLE(108)] "Uncaught (in promise) Error: Could not instantiate: ProductRegistryImpl.Registry", source: chrome-devtools://devtools/bundled/shell.js (108)
8月 16, 2019 16:09:49.18 [11148:11940:0816/160949.153:ERROR:CONSOLE(108)] "Uncaught (in promise) Error: Could not instantiate: ProductRegistryImpl.Registry", source: chrome-devtools://devtools/bundled/shell.js (108)
8月 16, 2019 16:09:49.18 [11148:11940:0816/160949.154:ERROR:CONSOLE(108)] "Uncaught (in promise) Error: Could not instantiate: ProductRegistryImpl.Registry", source: chrome-devtools://devtools/bundled/shell.js (108)
8月 16, 2019 16:09:49.18 [11148:11940:0816/160949.154:ERROR:CONSOLE(108)] "Uncaught (in promise) Error: Could not instantiate: ProductRegistryImpl.Registry", source: chrome-devtools://devtools/bundled/shell.js (108)
8月 16, 2019 16:09:49.19 [11148:11940:0816/160949.154:ERROR:CONSOLE(108)] "Uncaught (in promise) Error: Could not instantiate: ProductRegistryImpl.Registry", source: chrome-devtools://devtools/bundled/shell.js (108)
8月 16, 2019 16:09:49.19 [11148:11940:0816/160949.155:ERROR:CONSOLE(108)] "Uncaught (in promise) Error: Could not instantiate: ProductRegistryImpl.Registry", source: chrome-devtools://devtools/bundled/shell.js (108)
8月 16, 2019 16:09:49.19 [11148:11940:0816/160949.155:ERROR:CONSOLE(108)] "Uncaught (in promise) Error: Could not instantiate: ProductRegistryImpl.Registry", source: chrome-devtools://devtools/bundled/shell.js (108)
8月 16, 2019 16:09:49.19 [11148:11940:0816/160949.155:ERROR:CONSOLE(108)] "Uncaught (in promise) Error: Could not instantiate: ProductRegistryImpl.Registry", source: chrome-devtools://devtools/bundled/shell.js (108)
8月 16, 2019 16:09:49.19 [11148:11940:0816/160949.167:ERROR:CONSOLE(108)] "Uncaught (in promise) Error: Could not instantiate: ProductRegistryImpl.Registry", source: chrome-devtools://devtools/bundled/shell.js (108)
8月 16, 2019 16:09:49.19 [11148:11940:0816/160949.167:ERROR:CONSOLE(108)] "Uncaught (in promise) Error: Could not instantiate: ProductRegistryImpl.Registry", source: chrome-devtools://devtools/bundled/shell.js (108)
8月 16, 2019 16:09:49.19 [11148:11940:0816/160949.167:ERROR:CONSOLE(108)] "Uncaught (in promise) Error: Could not instantiate: ProductRegistryImpl.Registry", source: chrome-devtools://devtools/bundled/shell.js (108)
8月 16, 2019 16:09:49.19 [11148:11940:0816/160949.167:ERROR:CONSOLE(108)] "Uncaught (in promise) Error: Could not instantiate: ProductRegistryImpl.Registry", source: chrome-devtools://devtools/bundled/shell.js (108)
8月 16, 2019 16:09:49.19 [11148:11940:0816/160949.167:ERROR:CONSOLE(108)] "Uncaught (in promise) Error: Could not instantiate: ProductRegistryImpl.Registry", source: chrome-devtools://devtools/bundled/shell.js (108)
8月 16, 2019 16:09:49.19 [11148:11940:0816/160949.167:ERROR:CONSOLE(108)] "Uncaught (in promise) Error: Could not instantiate: ProductRegistryImpl.Registry", source: chrome-devtools://devtools/bundled/shell.js (108)
8月 16, 2019 16:09:49.20 [11148:11940:0816/160949.167:ERROR:CONSOLE(108)] "Uncaught (in promise) Error: Could not instantiate: ProductRegistryImpl.Registry", source: chrome-devtools://devtools/bundled/shell.js (108)
8月 16, 2019 16:09:49.20 [11148:11940:0816/160949.167:ERROR:CONSOLE(108)] "Uncaught (in promise) Error: Could not instantiate: ProductRegistryImpl.Registry", source: chrome-devtools://devtools/bundled/shell.js (108)
8月 16, 2019 16:09:49.20 [11148:11940:0816/160949.167:ERROR:CONSOLE(108)] "Uncaught (in promise) Error: Could not instantiate: ProductRegistryImpl.Registry", source: chrome-devtools://devtools/bundled/shell.js (108)
8月 16, 2019 16:09:49.20 [11148:11940:0816/160949.167:ERROR:CONSOLE(108)] "Uncaught (in promise) Error: Could not instantiate: ProductRegistryImpl.Registry", source: chrome-devtools://devtools/bundled/shell.js (108)
8月 16, 2019 16:09:49.20 [11148:11940:0816/160949.167:ERROR:CONSOLE(108)] "Uncaught (in promise) Error: Could not instantiate: ProductRegistryImpl.Registry", source: chrome-devtools://devtools/bundled/shell.js (108)
8月 16, 2019 16:09:49.20 [11148:11940:0816/160949.167:ERROR:CONSOLE(108)] "Uncaught (in promise) Error: Could not instantiate: ProductRegistryImpl.Registry", source: chrome-devtools://devtools/bundled/shell.js (108)
8月 16, 2019 16:09:49.20 [11148:11940:0816/160949.167:ERROR:CONSOLE(108)] "Uncaught (in promise) Error: Could not instantiate: ProductRegistryImpl.Registry", source: chrome-devtools://devtools/bundled/shell.js (108)
8月 16, 2019 16:09:49.20 [11148:11940:0816/160949.167:ERROR:CONSOLE(108)] "Uncaught (in promise) Error: Could not instantiate: ProductRegistryImpl.Registry", source: chrome-devtools://devtools/bundled/shell.js (108)
8月 16, 2019 16:09:49.20 [11148:11940:0816/160949.167:ERROR:CONSOLE(108)] "Uncaught (in promise) Error: Could not instantiate: ProductRegistryImpl.Registry", source: chrome-devtools://devtools/bundled/shell.js (108)
8月 16, 2019 16:09:49.20 [11148:11940:0816/160949.167:ERROR:CONSOLE(108)] "Uncaught (in promise) Error: Could not instantiate: ProductRegistryImpl.Registry", source: chrome-devtools://devtools/bundled/shell.js (108)
8月 16, 2019 16:09:49.20 [11148:11940:0816/160949.167:ERROR:CONSOLE(108)] "Uncaught (in promise) Error: Could not instantiate: ProductRegistryImpl.Registry", source: chrome-devtools://devtools/bundled/shell.js (108)
8月 16, 2019 16:09:49.21 [11148:11940:0816/160949.167:ERROR:CONSOLE(108)] "Uncaught (in promise) Error: Could not instantiate: ProductRegistryImpl.Registry", source: chrome-devtools://devtools/bundled/shell.js (108)
8月 16, 2019 16:09:49.21 [11148:11940:0816/160949.167:ERROR:CONSOLE(108)] "Uncaught (in promise) Error: Could not instantiate: ProductRegistryImpl.Registry", source: chrome-devtools://devtools/bundled/shell.js (108)
8月 16, 2019 16:09:49.21 [11148:11940:0816/160949.167:ERROR:CONSOLE(108)] "Uncaught (in promise) Error: Could not instantiate: ProductRegistryImpl.Registry", source: chrome-devtools://devtools/bundled/shell.js (108)
8月 16, 2019 16:09:49.21 [11148:11940:0816/160949.167:ERROR:CONSOLE(108)] "Uncaught (in promise) Error: Could not instantiate: ProductRegistryImpl.Registry", source: chrome-devtools://devtools/bundled/shell.js (108)
8月 16, 2019 16:09:49.21 [11148:11940:0816/160949.167:ERROR:CONSOLE(108)] "Uncaught (in promise) Error: Could not instantiate: ProductRegistryImpl.Registry", source: chrome-devtools://devtools/bundled/shell.js (108)
8月 16, 2019 16:09:49.21 [11148:11940:0816/160949.167:ERROR:CONSOLE(108)] "Uncaught (in promise) Error: Could not instantiate: ProductRegistryImpl.Registry", source: chrome-devtools://devtools/bundled/shell.js (108)
8月 16, 2019 16:09:49.21 [11148:11940:0816/160949.167:ERROR:CONSOLE(108)] "Uncaught (in promise) Error: Could not instantiate: ProductRegistryImpl.Registry", source: chrome-devtools://devtools/bundled/shell.js (108)
8月 16, 2019 16:09:49.21 [11148:11940:0816/160949.167:ERROR:CONSOLE(108)] "Uncaught (in promise) Error: Could not instantiate: ProductRegistryImpl.Registry", source: chrome-devtools://devtools/bundled/shell.js (108)
8月 16, 2019 16:09:49.21 [11148:11940:0816/160949.167:ERROR:CONSOLE(108)] "Uncaught (in promise) Error: Could not instantiate: ProductRegistryImpl.Registry", source: chrome-devtools://devtools/bundled/shell.js (108)
8月 16, 2019 16:09:49.22 [11148:11940:0816/160949.167:ERROR:CONSOLE(108)] "Uncaught (in promise) Error: Could not instantiate: ProductRegistryImpl.Registry", source: chrome-devtools://devtools/bundled/shell.js (108)
8月 16, 2019 16:09:49.22 [11148:11940:0816/160949.168:ERROR:CONSOLE(108)] "Uncaught (in promise) Error: Could not instantiate: ProductRegistryImpl.Registry", source: chrome-devtools://devtools/bundled/shell.js (108)
8月 16, 2019 16:09:49.22 [11148:11940:0816/160949.168:ERROR:CONSOLE(108)] "Uncaught (in promise) Error: Could not instantiate: ProductRegistryImpl.Registry", source: chrome-devtools://devtools/bundled/shell.js (108)
8月 16, 2019 16:09:49.22 [11148:11940:0816/160949.168:ERROR:CONSOLE(108)] "Uncaught (in promise) Error: Could not instantiate: ProductRegistryImpl.Registry", source: chrome-devtools://devtools/bundled/shell.js (108)
8月 16, 2019 16:09:49.22 [11148:11940:0816/160949.168:ERROR:CONSOLE(108)] "Uncaught (in promise) Error: Could not instantiate: ProductRegistryImpl.Registry", source: chrome-devtools://devtools/bundled/shell.js (108)
8月 16, 2019 16:09:49.22 [11148:11940:0816/160949.168:ERROR:CONSOLE(108)] "Uncaught (in promise) Error: Could not instantiate: ProductRegistryImpl.Registry", source: chrome-devtools://devtools/bundled/shell.js (108)
8月 16, 2019 16:09:49.22 [11148:11940:0816/160949.168:ERROR:CONSOLE(108)] "Uncaught (in promise) Error: Could not instantiate: ProductRegistryImpl.Registry", source: chrome-devtools://devtools/bundled/shell.js (108)
8月 16, 2019 16:09:49.22 [11148:11940:0816/160949.169:ERROR:CONSOLE(108)] "Uncaught (in promise) Error: Could not instantiate: ProductRegistryImpl.Registry", source: chrome-devtools://devtools/bundled/shell.js (108)
8月 16, 2019 16:09:49.22 [11148:11940:0816/160949.169:ERROR:CONSOLE(108)] "Uncaught (in promise) Error: Could not instantiate: ProductRegistryImpl.Registry", source: chrome-devtools://devtools/bundled/shell.js (108)
8月 16, 2019 16:09:49.22 [11148:11940:0816/160949.169:ERROR:CONSOLE(108)] "Uncaught (in promise) Error: Could not instantiate: ProductRegistryImpl.Registry", source: chrome-devtools://devtools/bundled/shell.js (108)
8月 16, 2019 16:09:49.23 [11148:11940:0816/160949.169:ERROR:CONSOLE(108)] "Uncaught (in promise) Error: Could not instantiate: ProductRegistryImpl.Registry", source: chrome-devtools://devtools/bundled/shell.js (108)
8月 16, 2019 16:09:49.23 [11148:11940:0816/160949.170:ERROR:CONSOLE(108)] "Uncaught (in promise) Error: Could not instantiate: ProductRegistryImpl.Registry", source: chrome-devtools://devtools/bundled/shell.js (108)
8月 16, 2019 16:09:49.23 [11148:11940:0816/160949.170:ERROR:CONSOLE(108)] "Uncaught (in promise) Error: Could not instantiate: ProductRegistryImpl.Registry", source: chrome-devtools://devtools/bundled/shell.js (108)
8月 16, 2019 16:09:49.23 [11148:11940:0816/160949.170:ERROR:CONSOLE(108)] "Uncaught (in promise) Error: Could not instantiate: ProductRegistryImpl.Registry", source: chrome-devtools://devtools/bundled/shell.js (108)
8月 16, 2019 16:09:49.23 [11148:11940:0816/160949.170:ERROR:CONSOLE(108)] "Uncaught (in promise) Error: Could not instantiate: ProductRegistryImpl.Registry", source: chrome-devtools://devtools/bundled/shell.js (108)
8月 16, 2019 16:09:49.23 [11148:11940:0816/160949.171:ERROR:CONSOLE(108)] "Uncaught (in promise) Error: Could not instantiate: ProductRegistryImpl.Registry", source: chrome-devtools://devtools/bundled/shell.js (108)
8月 16, 2019 16:09:49.23 [11148:11940:0816/160949.171:ERROR:CONSOLE(108)] "Uncaught (in promise) Error: Could not instantiate: ProductRegistryImpl.Registry", source: chrome-devtools://devtools/bundled/shell.js (108)
8月 16, 2019 16:09:49.23 [11148:11940:0816/160949.171:ERROR:CONSOLE(108)] "Uncaught (in promise) Error: Could not instantiate: ProductRegistryImpl.Registry", source: chrome-devtools://devtools/bundled/shell.js (108)
8月 16, 2019 16:09:49.23 [11148:11940:0816/160949.212:ERROR:CONSOLE(108)] "Uncaught (in promise) Error: Could not instantiate: ProductRegistryImpl.Registry", source: chrome-devtools://devtools/bundled/shell.js (108)
8月 16, 2019 16:09:49.24 [11148:11940:0816/160949.212:ERROR:CONSOLE(108)] "Uncaught (in promise) Error: Could not instantiate: ProductRegistryImpl.Registry", source: chrome-devtools://devtools/bundled/shell.js (108)
8月 16, 2019 16:09:49.24 [11148:11940:0816/160949.212:ERROR:CONSOLE(108)] "Uncaught (in promise) Error: Could not instantiate: ProductRegistryImpl.Registry", source: chrome-devtools://devtools/bundled/shell.js (108)
8月 16, 2019 16:09:49.24 [11148:11940:0816/160949.212:ERROR:CONSOLE(108)] "Uncaught (in promise) Error: Could not instantiate: ProductRegistryImpl.Registry", source: chrome-devtools://devtools/bundled/shell.js (108)
8月 16, 2019 16:09:49.24 [11148:11940:0816/160949.212:ERROR:CONSOLE(108)] "Uncaught (in promise) Error: Could not instantiate: ProductRegistryImpl.Registry", source: chrome-devtools://devtools/bundled/shell.js (108)
8月 16, 2019 16:09:49.24 [11148:11940:0816/160949.212:ERROR:CONSOLE(108)] "Uncaught (in promise) Error: Could not instantiate: ProductRegistryImpl.Registry", source: chrome-devtools://devtools/bundled/shell.js (108)
8月 16, 2019 16:09:49.24 [11148:11940:0816/160949.212:ERROR:CONSOLE(108)] "Uncaught (in promise) Error: Could not instantiate: ProductRegistryImpl.Registry", source: chrome-devtools://devtools/bundled/shell.js (108)
8月 16, 2019 16:09:49.24 [11148:11940:0816/160949.212:ERROR:CONSOLE(108)] "Uncaught (in promise) Error: Could not instantiate: ProductRegistryImpl.Registry", source: chrome-devtools://devtools/bundled/shell.js (108)
8月 16, 2019 16:09:49.24 [11148:11940:0816/160949.212:ERROR:CONSOLE(108)] "Uncaught (in promise) Error: Could not instantiate: ProductRegistryImpl.Registry", source: chrome-devtools://devtools/bundled/shell.js (108)
8月 16, 2019 16:09:49.24 [11148:11940:0816/160949.212:ERROR:CONSOLE(108)] "Uncaught (in promise) Error: Could not instantiate: ProductRegistryImpl.Registry", source: chrome-devtools://devtools/bundled/shell.js (108)
8月 16, 2019 16:09:49.25 [11148:11940:0816/160949.212:ERROR:CONSOLE(108)] "Uncaught (in promise) Error: Could not instantiate: ProductRegistryImpl.Registry", source: chrome-devtools://devtools/bundled/shell.js (108)
8月 16, 2019 16:09:49.25 [11148:11940:0816/160949.212:ERROR:CONSOLE(108)] "Uncaught (in promise) Error: Could not instantiate: ProductRegistryImpl.Registry", source: chrome-devtools://devtools/bundled/shell.js (108)
8月 16, 2019 16:09:49.25 [11148:11940:0816/160949.212:ERROR:CONSOLE(108)] "Uncaught (in promise) Error: Could not instantiate: ProductRegistryImpl.Registry", source: chrome-devtools://devtools/bundled/shell.js (108)
8月 16, 2019 16:09:49.25 [11148:11940:0816/160949.212:ERROR:CONSOLE(108)] "Uncaught (in promise) Error: Could not instantiate: ProductRegistryImpl.Registry", source: chrome-devtools://devtools/bundled/shell.js (108)
8月 16, 2019 16:09:49.25 [11148:11940:0816/160949.212:ERROR:CONSOLE(108)] "Uncaught (in promise) Error: Could not instantiate: ProductRegistryImpl.Registry", source: chrome-devtools://devtools/bundled/shell.js (108)
8月 16, 2019 16:09:49.25 [11148:11940:0816/160949.212:ERROR:CONSOLE(108)] "Uncaught (in promise) Error: Could not instantiate: ProductRegistryImpl.Registry", source: chrome-devtools://devtools/bundled/shell.js (108)
8月 16, 2019 16:09:49.25 [11148:11940:0816/160949.212:ERROR:CONSOLE(108)] "Uncaught (in promise) Error: Could not instantiate: ProductRegistryImpl.Registry", source: chrome-devtools://devtools/bundled/shell.js (108)
8月 16, 2019 16:09:49.26 [11148:11940:0816/160949.212:ERROR:CONSOLE(108)] "Uncaught (in promise) Error: Could not instantiate: ProductRegistryImpl.Registry", source: chrome-devtools://devtools/bundled/shell.js (108)
8月 16, 2019 16:09:49.26 [11148:11940:0816/160949.212:ERROR:CONSOLE(108)] "Uncaught (in promise) Error: Could not instantiate: ProductRegistryImpl.Registry", source: chrome-devtools://devtools/bundled/shell.js (108)
8月 16, 2019 16:09:49.26 [11148:11940:0816/160949.212:ERROR:CONSOLE(108)] "Uncaught (in promise) Error: Could not instantiate: ProductRegistryImpl.Registry", source: chrome-devtools://devtools/bundled/shell.js (108)
8月 16, 2019 16:09:49.26 [11148:11940:0816/160949.212:ERROR:CONSOLE(108)] "Uncaught (in promise) Error: Could not instantiate: ProductRegistryImpl.Registry", source: chrome-devtools://devtools/bundled/shell.js (108)
8月 16, 2019 16:09:49.26 [11148:11940:0816/160949.212:ERROR:CONSOLE(108)] "Uncaught (in promise) Error: Could not instantiate: ProductRegistryImpl.Registry", source: chrome-devtools://devtools/bundled/shell.js (108)
8月 16, 2019 16:09:49.26 [11148:11940:0816/160949.212:ERROR:CONSOLE(108)] "Uncaught (in promise) Error: Could not instantiate: ProductRegistryImpl.Registry", source: chrome-devtools://devtools/bundled/shell.js (108)
8月 16, 2019 16:09:49.26 [11148:11940:0816/160949.213:ERROR:CONSOLE(108)] "Uncaught (in promise) Error: Could not instantiate: ProductRegistryImpl.Registry", source: chrome-devtools://devtools/bundled/shell.js (108)
8月 16, 2019 16:09:49.26 [11148:11940:0816/160949.213:ERROR:CONSOLE(108)] "Uncaught (in promise) Error: Could not instantiate: ProductRegistryImpl.Registry", source: chrome-devtools://devtools/bundled/shell.js (108)
8月 16, 2019 16:09:49.27 [11148:11940:0816/160949.213:ERROR:CONSOLE(108)] "Uncaught (in promise) Error: Could not instantiate: ProductRegistryImpl.Registry", source: chrome-devtools://devtools/bundled/shell.js (108)
8月 16, 2019 16:09:49.27 [11148:11940:0816/160949.213:ERROR:CONSOLE(108)] "Uncaught (in promise) Error: Could not instantiate: ProductRegistryImpl.Registry", source: chrome-devtools://devtools/bundled/shell.js (108)
8月 16, 2019 16:09:49.27 [11148:11940:0816/160949.213:ERROR:CONSOLE(108)] "Uncaught (in promise) Error: Could not instantiate: ProductRegistryImpl.Registry", source: chrome-devtools://devtools/bundled/shell.js (108)
8月 16, 2019 16:09:49.27 [11148:11940:0816/160949.213:ERROR:CONSOLE(108)] "Uncaught (in promise) Error: Could not instantiate: ProductRegistryImpl.Registry", source: chrome-devtools://devtools/bundled/shell.js (108)
8月 16, 2019 16:10:54.47 [11148:11940:0816/161054.476:ERROR:CONSOLE(108)] "Uncaught (in promise) Error: Could not instantiate: ProductRegistryImpl.Registry", source: chrome-devtools://devtools/bundled/shell.js (108)
8月 16, 2019 16:10:54.47 [11148:11940:0816/161054.476:ERROR:CONSOLE(108)] "Uncaught (in promise) Error: Could not instantiate: ProductRegistryImpl.Registry", source: chrome-devtools://devtools/bundled/shell.js (108)
8月 16, 2019 16:10:54.48 [11148:11940:0816/161054.476:ERROR:CONSOLE(108)] "Uncaught (in promise) Error: Could not instantiate: ProductRegistryImpl.Registry", source: chrome-devtools://devtools/bundled/shell.js (108)
8月 16, 2019 16:10:54.48 [11148:11940:0816/161054.481:ERROR:CONSOLE(108)] "Uncaught (in promise) Error: Could not instantiate: ProductRegistryImpl.Registry", source: chrome-devtools://devtools/bundled/shell.js (108)
8月 16, 2019 16:10:54.48 [11148:11940:0816/161054.483:ERROR:CONSOLE(108)] "Uncaught (in promise) Error: Could not instantiate: ProductRegistryImpl.Registry", source: chrome-devtools://devtools/bundled/shell.js (108)
8月 16, 2019 16:10:54.48 [11148:11940:0816/161054.484:ERROR:CONSOLE(108)] "Uncaught (in promise) Error: Could not instantiate: ProductRegistryImpl.Registry", source: chrome-devtools://devtools/bundled/shell.js (108)
8月 16, 2019 16:10:54.48 [11148:11940:0816/161054.484:ERROR:CONSOLE(108)] "Uncaught (in promise) Error: Could not instantiate: ProductRegistryImpl.Registry", source: chrome-devtools://devtools/bundled/shell.js (108)
8月 16, 2019 16:10:54.48 [11148:11940:0816/161054.484:ERROR:CONSOLE(108)] "Uncaught (in promise) Error: Could not instantiate: ProductRegistryImpl.Registry", source: chrome-devtools://devtools/bundled/shell.js (108)
8月 16, 2019 16:10:54.48 [11148:11940:0816/161054.485:ERROR:CONSOLE(108)] "Uncaught (in promise) Error: Could not instantiate: ProductRegistryImpl.Registry", source: chrome-devtools://devtools/bundled/shell.js (108)
8月 16, 2019 16:11:00.34 [11148:11940:0816/161100.339:ERROR:CONSOLE(108)] "Uncaught (in promise) Error: Could not instantiate: ProductRegistryImpl.Registry", source: chrome-devtools://devtools/bundled/shell.js (108)
8月 16, 2019 16:11:00.34 [11148:11940:0816/161100.339:ERROR:CONSOLE(108)] "Uncaught (in promise) Error: Could not instantiate: ProductRegistryImpl.Registry", source: chrome-devtools://devtools/bundled/shell.js (108)
8月 16, 2019 16:11:00.34 [11148:11940:0816/161100.339:ERROR:CONSOLE(108)] "Uncaught (in promise) Error: Could not instantiate: ProductRegistryImpl.Registry", source: chrome-devtools://devtools/bundled/shell.js (108)
8月 16, 2019 16:11:00.34 [11148:11940:0816/161100.339:ERROR:CONSOLE(108)] "Uncaught (in promise) Error: Could not instantiate: ProductRegistryImpl.Registry", source: chrome-devtools://devtools/bundled/shell.js (108)
8月 16, 2019 16:11:00.34 [11148:11940:0816/161100.339:ERROR:CONSOLE(108)] "Uncaught (in promise) Error: Could not instantiate: ProductRegistryImpl.Registry", source: chrome-devtools://devtools/bundled/shell.js (108)
8月 16, 2019 16:11:00.34 [11148:11940:0816/161100.339:ERROR:CONSOLE(108)] "Uncaught (in promise) Error: Could not instantiate: ProductRegistryImpl.Registry", source: chrome-devtools://devtools/bundled/shell.js (108)
8月 16, 2019 16:11:00.34 [11148:11940:0816/161100.340:ERROR:CONSOLE(108)] "Uncaught (in promise) Error: Could not instantiate: ProductRegistryImpl.Registry", source: chrome-devtools://devtools/bundled/shell.js (108)
8月 16, 2019 16:11:00.34 [11148:11940:0816/161100.340:ERROR:CONSOLE(108)] "Uncaught (in promise) Error: Could not instantiate: ProductRegistryImpl.Registry", source: chrome-devtools://devtools/bundled/shell.js (108)
8月 16, 2019 16:11:00.34 [11148:11940:0816/161100.340:ERROR:CONSOLE(108)] "Uncaught (in promise) Error: Could not instantiate: ProductRegistryImpl.Registry", source: chrome-devtools://devtools/bundled/shell.js (108)
8月 16, 2019 16:11:00.34 [11148:11940:0816/161100.341:ERROR:CONSOLE(108)] "Uncaught (in promise) Error: Could not instantiate: ProductRegistryImpl.Registry", source: chrome-devtools://devtools/bundled/shell.js (108)
8月 16, 2019 16:11:00.34 [11148:11940:0816/161100.341:ERROR:CONSOLE(108)] "Uncaught (in promise) Error: Could not instantiate: ProductRegistryImpl.Registry", source: chrome-devtools://devtools/bundled/shell.js (108)
8月 16, 2019 16:11:00.35 [11148:11940:0816/161100.350:ERROR:CONSOLE(108)] "Uncaught (in promise) Error: Could not instantiate: ProductRegistryImpl.Registry", source: chrome-devtools://devtools/bundled/shell.js (108)
8月 16, 2019 16:11:00.35 [11148:11940:0816/161100.351:ERROR:CONSOLE(108)] "Uncaught (in promise) Error: Could not instantiate: ProductRegistryImpl.Registry", source: chrome-devtools://devtools/bundled/shell.js (108)
8月 16, 2019 16:11:00.35 [11148:11940:0816/161100.352:ERROR:CONSOLE(108)] "Uncaught (in promise) Error: Could not instantiate: ProductRegistryImpl.Registry", source: chrome-devtools://devtools/bundled/shell.js (108)
8月 16, 2019 16:11:00.35 [11148:11940:0816/161100.353:ERROR:CONSOLE(108)] "Uncaught (in promise) Error: Could not instantiate: ProductRegistryImpl.Registry", source: chrome-devtools://devtools/bundled/shell.js (108)
8月 16, 2019 16:11:00.35 [11148:11940:0816/161100.353:ERROR:CONSOLE(108)] "Uncaught (in promise) Error: Could not instantiate: ProductRegistryImpl.Registry", source: chrome-devtools://devtools/bundled/shell.js (108)
8月 16, 2019 16:11:00.35 [11148:11940:0816/161100.353:ERROR:CONSOLE(108)] "Uncaught (in promise) Error: Could not instantiate: ProductRegistryImpl.Registry", source: chrome-devtools://devtools/bundled/shell.js (108)
8月 16, 2019 16:11:00.35 [11148:11940:0816/161100.353:ERROR:CONSOLE(108)] "Uncaught (in promise) Error: Could not instantiate: ProductRegistryImpl.Registry", source: chrome-devtools://devtools/bundled/shell.js (108)
8月 16, 2019 16:11:00.35 [11148:11940:0816/161100.353:ERROR:CONSOLE(108)] "Uncaught (in promise) Error: Could not instantiate: ProductRegistryImpl.Registry", source: chrome-devtools://devtools/bundled/shell.js (108)
8月 16, 2019 16:11:00.36 [11148:11940:0816/161100.354:ERROR:CONSOLE(108)] "Uncaught (in promise) Error: Could not instantiate: ProductRegistryImpl.Registry", source: chrome-devtools://devtools/bundled/shell.js (108)
8月 16, 2019 16:11:00.36 [11148:11940:0816/161100.354:ERROR:CONSOLE(108)] "Uncaught (in promise) Error: Could not instantiate: ProductRegistryImpl.Registry", source: chrome-devtools://devtools/bundled/shell.js (108)
8月 16, 2019 16:11:00.36 [11148:11940:0816/161100.354:ERROR:CONSOLE(108)] "Uncaught (in promise) Error: Could not instantiate: ProductRegistryImpl.Registry", source: chrome-devtools://devtools/bundled/shell.js (108)
8月 16, 2019 16:11:04.45 [11148:11940:0816/161104.452:ERROR:CONSOLE(108)] "Uncaught (in promise) Error: Could not instantiate: ProductRegistryImpl.Registry", source: chrome-devtools://devtools/bundled/shell.js (108)
8月 16, 2019 16:11:05.31 [11148:11940:0816/161105.312:ERROR:CONSOLE(108)] "Uncaught (in promise) Error: Could not instantiate: ProductRegistryImpl.Registry", source: chrome-devtools://devtools/bundled/shell.js (108)
8月 16, 2019 16:11:05.31 [11148:11940:0816/161105.313:ERROR:CONSOLE(108)] "Uncaught (in promise) Error: Could not instantiate: ProductRegistryImpl.Registry", source: chrome-devtools://devtools/bundled/shell.js (108)
8月 16, 2019 16:11:05.31 [11148:11940:0816/161105.313:ERROR:CONSOLE(108)] "Uncaught (in promise) Error: Could not instantiate: ProductRegistryImpl.Registry", source: chrome-devtools://devtools/bundled/shell.js (108)
8月 16, 2019 16:11:05.31 [11148:11940:0816/161105.313:ERROR:CONSOLE(108)] "Uncaught (in promise) Error: Could not instantiate: ProductRegistryImpl.Registry", source: chrome-devtools://devtools/bundled/shell.js (108)
8月 16, 2019 16:11:05.31 [11148:11940:0816/161105.313:ERROR:CONSOLE(108)] "Uncaught (in promise) Error: Could not instantiate: ProductRegistryImpl.Registry", source: chrome-devtools://devtools/bundled/shell.js (108)
8月 16, 2019 16:11:05.31 [11148:11940:0816/161105.313:ERROR:CONSOLE(108)] "Uncaught (in promise) Error: Could not instantiate: ProductRegistryImpl.Registry", source: chrome-devtools://devtools/bundled/shell.js (108)
8月 16, 2019 16:11:05.31 [11148:11940:0816/161105.314:ERROR:CONSOLE(108)] "Uncaught (in promise) Error: Could not instantiate: ProductRegistryImpl.Registry", source: chrome-devtools://devtools/bundled/shell.js (108)
8月 16, 2019 16:11:05.32 [11148:11940:0816/161105.314:ERROR:CONSOLE(108)] "Uncaught (in promise) Error: Could not instantiate: ProductRegistryImpl.Registry", source: chrome-devtools://devtools/bundled/shell.js (108)
8月 16, 2019 16:11:05.32 [11148:11940:0816/161105.314:ERROR:CONSOLE(108)] "Uncaught (in promise) Error: Could not instantiate: ProductRegistryImpl.Registry", source: chrome-devtools://devtools/bundled/shell.js (108)
8月 16, 2019 16:11:05.32 [11148:11940:0816/161105.314:ERROR:CONSOLE(108)] "Uncaught (in promise) Error: Could not instantiate: ProductRegistryImpl.Registry", source: chrome-devtools://devtools/bundled/shell.js (108)
8月 16, 2019 16:11:05.32 [11148:11940:0816/161105.314:ERROR:CONSOLE(108)] "Uncaught (in promise) Error: Could not instantiate: ProductRegistryImpl.Registry", source: chrome-devtools://devtools/bundled/shell.js (108)
8月 16, 2019 16:11:05.32 [11148:11940:0816/161105.315:ERROR:CONSOLE(108)] "Uncaught (in promise) Error: Could not instantiate: ProductRegistryImpl.Registry", source: chrome-devtools://devtools/bundled/shell.js (108)
8月 16, 2019 16:11:05.32 [11148:11940:0816/161105.315:ERROR:CONSOLE(108)] "Uncaught (in promise) Error: Could not instantiate: ProductRegistryImpl.Registry", source: chrome-devtools://devtools/bundled/shell.js (108)
8月 16, 2019 16:11:06.64 [11148:11940:0816/161106.648:ERROR:CONSOLE(108)] "Uncaught (in promise) Error: Could not instantiate: ProductRegistryImpl.Registry", source: chrome-devtools://devtools/bundled/shell.js (108)
8月 16, 2019 16:11:06.65 [11148:11940:0816/161106.650:ERROR:CONSOLE(108)] "Uncaught (in promise) Error: Could not instantiate: ProductRegistryImpl.Registry", source: chrome-devtools://devtools/bundled/shell.js (108)
8月 16, 2019 16:11:06.65 [11148:11940:0816/161106.651:ERROR:CONSOLE(108)] "Uncaught (in promise) Error: Could not instantiate: ProductRegistryImpl.Registry", source: chrome-devtools://devtools/bundled/shell.js (108)
8月 16, 2019 16:11:06.65 [11148:11940:0816/161106.653:ERROR:CONSOLE(108)] "Uncaught (in promise) Error: Could not instantiate: ProductRegistryImpl.Registry", source: chrome-devtools://devtools/bundled/shell.js (108)
8月 16, 2019 16:11:07.57 [11148:11940:0816/161107.573:ERROR:CONSOLE(108)] "Uncaught (in promise) Error: Could not instantiate: ProductRegistryImpl.Registry", source: chrome-devtools://devtools/bundled/shell.js (108)
8月 16, 2019 16:11:07.57 [11148:11940:0816/161107.573:ERROR:CONSOLE(108)] "Uncaught (in promise) Error: Could not instantiate: ProductRegistryImpl.Registry", source: chrome-devtools://devtools/bundled/shell.js (108)
8月 16, 2019 16:11:07.57 [11148:11940:0816/161107.573:ERROR:CONSOLE(108)] "Uncaught (in promise) Error: Could not instantiate: ProductRegistryImpl.Registry", source: chrome-devtools://devtools/bundled/shell.js (108)
8月 16, 2019 16:11:07.57 [11148:11940:0816/161107.574:ERROR:CONSOLE(108)] "Uncaught (in promise) Error: Could not instantiate: ProductRegistryImpl.Registry", source: chrome-devtools://devtools/bundled/shell.js (108)
8月 16, 2019 16:11:09.84 [11148:11940:0816/161109.844:ERROR:CONSOLE(108)] "Uncaught (in promise) Error: Could not instantiate: ProductRegistryImpl.Registry", source: chrome-devtools://devtools/bundled/shell.js (108)
8月 16, 2019 16:11:09.84 [11148:11940:0816/161109.845:ERROR:CONSOLE(108)] "Uncaught (in promise) Error: Could not instantiate: ProductRegistryImpl.Registry", source: chrome-devtools://devtools/bundled/shell.js (108)
8月 16, 2019 16:11:09.84 [11148:11940:0816/161109.845:ERROR:CONSOLE(108)] "Uncaught (in promise) Error: Could not instantiate: ProductRegistryImpl.Registry", source: chrome-devtools://devtools/bundled/shell.js (108)
8月 16, 2019 16:11:09.84 [11148:11940:0816/161109.845:ERROR:CONSOLE(108)] "Uncaught (in promise) Error: Could not instantiate: ProductRegistryImpl.Registry", source: chrome-devtools://devtools/bundled/shell.js (108)
8月 16, 2019 16:11:12.10 [11148:11940:0816/161112.100:ERROR:CONSOLE(108)] "Uncaught (in promise) Error: Could not instantiate: ProductRegistryImpl.Registry", source: chrome-devtools://devtools/bundled/shell.js (108)
8月 16, 2019 16:11:12.72 [11148:11940:0816/161112.726:ERROR:CONSOLE(108)] "Uncaught (in promise) Error: Could not instantiate: ProductRegistryImpl.Registry", source: chrome-devtools://devtools/bundled/shell.js (108)
8月 16, 2019 16:11:13.53 [11148:11940:0816/161113.532:ERROR:CONSOLE(108)] "Uncaught (in promise) Error: Could not instantiate: ProductRegistryImpl.Registry", source: chrome-devtools://devtools/bundled/shell.js (108)
8月 16, 2019 16:11:18.04 [11148:11940:0816/161118.041:ERROR:CONSOLE(108)] "Uncaught (in promise) Error: Could not instantiate: ProductRegistryImpl.Registry", source: chrome-devtools://devtools/bundled/shell.js (108)
8月 16, 2019 16:11:18.04 [11148:11940:0816/161118.041:ERROR:CONSOLE(108)] "Uncaught (in promise) Error: Could not instantiate: ProductRegistryImpl.Registry", source: chrome-devtools://devtools/bundled/shell.js (108)
8月 16, 2019 16:11:18.04 [11148:11940:0816/161118.041:ERROR:CONSOLE(108)] "Uncaught (in promise) Error: Could not instantiate: ProductRegistryImpl.Registry", source: chrome-devtools://devtools/bundled/shell.js (108)
8月 16, 2019 16:11:18.04 [11148:11940:0816/161118.041:ERROR:CONSOLE(108)] "Uncaught (in promise) Error: Could not instantiate: ProductRegistryImpl.Registry", source: chrome-devtools://devtools/bundled/shell.js (108)
8月 16, 2019 16:11:18.68 [11148:11940:0816/161118.684:ERROR:CONSOLE(108)] "Uncaught (in promise) Error: Could not instantiate: ProductRegistryImpl.Registry", source: chrome-devtools://devtools/bundled/shell.js (108)
8月 16, 2019 16:11:18.68 [11148:11940:0816/161118.685:ERROR:CONSOLE(108)] "Uncaught (in promise) Error: Could not instantiate: ProductRegistryImpl.Registry", source: chrome-devtools://devtools/bundled/shell.js (108)
8月 16, 2019 16:11:18.68 [11148:11940:0816/161118.685:ERROR:CONSOLE(108)] "Uncaught (in promise) Error: Could not instantiate: ProductRegistryImpl.Registry", source: chrome-devtools://devtools/bundled/shell.js (108)
8月 16, 2019 16:11:18.68 [11148:11940:0816/161118.685:ERROR:CONSOLE(108)] "Uncaught (in promise) Error: Could not instantiate: ProductRegistryImpl.Registry", source: chrome-devtools://devtools/bundled/shell.js (108)
8月 16, 2019 16:11:19.51 [11148:11940:0816/161119.514:ERROR:CONSOLE(108)] "Uncaught (in promise) Error: Could not instantiate: ProductRegistryImpl.Registry", source: chrome-devtools://devtools/bundled/shell.js (108)
8月 16, 2019 16:11:19.51 [11148:11940:0816/161119.514:ERROR:CONSOLE(108)] "Uncaught (in promise) Error: Could not instantiate: ProductRegistryImpl.Registry", source: chrome-devtools://devtools/bundled/shell.js (108)
8月 16, 2019 16:11:19.51 [11148:11940:0816/161119.514:ERROR:CONSOLE(108)] "Uncaught (in promise) Error: Could not instantiate: ProductRegistryImpl.Registry", source: chrome-devtools://devtools/bundled/shell.js (108)
8月 16, 2019 16:11:19.51 [11148:11940:0816/161119.514:ERROR:CONSOLE(108)] "Uncaught (in promise) Error: Could not instantiate: ProductRegistryImpl.Registry", source: chrome-devtools://devtools/bundled/shell.js (108)
8月 16, 2019 16:11:19.94 [11148:11940:0816/161119.940:ERROR:CONSOLE(108)] "Uncaught (in promise) Error: Could not instantiate: ProductRegistryImpl.Registry", source: chrome-devtools://devtools/bundled/shell.js (108)
8月 16, 2019 16:11:19.94 [11148:11940:0816/161119.940:ERROR:CONSOLE(108)] "Uncaught (in promise) Error: Could not instantiate: ProductRegistryImpl.Registry", source: chrome-devtools://devtools/bundled/shell.js (108)
8月 16, 2019 16:11:19.94 [11148:11940:0816/161119.940:ERROR:CONSOLE(108)] "Uncaught (in promise) Error: Could not instantiate: ProductRegistryImpl.Registry", source: chrome-devtools://devtools/bundled/shell.js (108)
8月 16, 2019 16:11:19.94 [11148:11940:0816/161119.940:ERROR:CONSOLE(108)] "Uncaught (in promise) Error: Could not instantiate: ProductRegistryImpl.Registry", source: chrome-devtools://devtools/bundled/shell.js (108)
8月 16, 2019 16:11:21.07 [11148:11940:0816/161121.077:ERROR:CONSOLE(108)] "Uncaught (in promise) Error: Could not instantiate: ProductRegistryImpl.Registry", source: chrome-devtools://devtools/bundled/shell.js (108)
8月 16, 2019 16:11:21.07 [11148:11940:0816/161121.077:ERROR:CONSOLE(108)] "Uncaught (in promise) Error: Could not instantiate: ProductRegistryImpl.Registry", source: chrome-devtools://devtools/bundled/shell.js (108)
8月 16, 2019 16:11:21.08 [11148:11940:0816/161121.077:ERROR:CONSOLE(108)] "Uncaught (in promise) Error: Could not instantiate: ProductRegistryImpl.Registry", source: chrome-devtools://devtools/bundled/shell.js (108)
8月 16, 2019 16:11:21.08 [11148:11940:0816/161121.077:ERROR:CONSOLE(108)] "Uncaught (in promise) Error: Could not instantiate: ProductRegistryImpl.Registry", source: chrome-devtools://devtools/bundled/shell.js (108)
8月 16, 2019 16:11:25.69 [11148:11940:0816/161125.695:ERROR:CONSOLE(108)] "Uncaught (in promise) Error: Could not instantiate: ProductRegistryImpl.Registry", source: chrome-devtools://devtools/bundled/shell.js (108)
8月 16, 2019 16:11:25.69 [11148:11940:0816/161125.697:ERROR:CONSOLE(108)] "Uncaught (in promise) Error: Could not instantiate: ProductRegistryImpl.Registry", source: chrome-devtools://devtools/bundled/shell.js (108)
8月 16, 2019 16:11:25.69 [11148:11940:0816/161125.699:ERROR:CONSOLE(108)] "Uncaught (in promise) Error: Could not instantiate: ProductRegistryImpl.Registry", source: chrome-devtools://devtools/bundled/shell.js (108)
8月 16, 2019 16:11:25.70 [11148:11940:0816/161125.700:ERROR:CONSOLE(108)] "Uncaught (in promise) Error: Could not instantiate: ProductRegistryImpl.Registry", source: chrome-devtools://devtools/bundled/shell.js (108)
8月 16, 2019 16:11:25.70 [11148:11940:0816/161125.701:ERROR:CONSOLE(108)] "Uncaught (in promise) Error: Could not instantiate: ProductRegistryImpl.Registry", source: chrome-devtools://devtools/bundled/shell.js (108)
8月 16, 2019 16:11:25.70 [11148:11940:0816/161125.703:ERROR:CONSOLE(108)] "Uncaught (in promise) Error: Could not instantiate: ProductRegistryImpl.Registry", source: chrome-devtools://devtools/bundled/shell.js (108)
8月 16, 2019 16:11:25.70 [11148:11940:0816/161125.704:ERROR:CONSOLE(108)] "Uncaught (in promise) Error: Could not instantiate: ProductRegistryImpl.Registry", source: chrome-devtools://devtools/bundled/shell.js (108)
8月 16, 2019 16:11:25.70 [11148:11940:0816/161125.705:ERROR:CONSOLE(108)] "Uncaught (in promise) Error: Could not instantiate: ProductRegistryImpl.Registry", source: chrome-devtools://devtools/bundled/shell.js (108)
8月 16, 2019 16:11:25.70 [11148:11940:0816/161125.707:ERROR:CONSOLE(108)] "Uncaught (in promise) Error: Could not instantiate: ProductRegistryImpl.Registry", source: chrome-devtools://devtools/bundled/shell.js (108)
8月 16, 2019 16:11:25.70 [11148:11940:0816/161125.708:ERROR:CONSOLE(108)] "Uncaught (in promise) Error: Could not instantiate: ProductRegistryImpl.Registry", source: chrome-devtools://devtools/bundled/shell.js (108)
8月 16, 2019 16:11:25.71 [11148:11940:0816/161125.709:ERROR:CONSOLE(108)] "Uncaught (in promise) Error: Could not instantiate: ProductRegistryImpl.Registry", source: chrome-devtools://devtools/bundled/shell.js (108)
8月 16, 2019 16:11:25.71 [11148:11940:0816/161125.711:ERROR:CONSOLE(108)] "Uncaught (in promise) Error: Could not instantiate: ProductRegistryImpl.Registry", source: chrome-devtools://devtools/bundled/shell.js (108)
8月 16, 2019 16:11:25.71 [11148:11940:0816/161125.713:ERROR:CONSOLE(108)] "Uncaught (in promise) Error: Could not instantiate: ProductRegistryImpl.Registry", source: chrome-devtools://devtools/bundled/shell.js (108)
